<?xml version="1.0" encoding="UTF-8"?>
<testng-results ignored="0" total="2" passed="2" failed="0" skipped="0">
  <reporter-output>
  </reporter-output>
  <suite started-at="2022-07-27T20:23:58 IST" name="Test Suite" finished-at="2022-07-27T20:24:04 IST" duration-ms="5758">
    <groups>
    </groups>
    <test started-at="2022-07-27T20:23:58 IST" name="First TestNG Suite test" finished-at="2022-07-27T20:24:04 IST" duration-ms="5758">
      <class name="testCase.SampleTest">
        <test-method is-config="true" signature="openBrowser()[pri:0, instance:testCase.SampleTest@e350b40]" started-at="2022-07-27T20:23:58 IST" name="openBrowser" finished-at="2022-07-27T20:24:02 IST" duration-ms="3357" status="PASS">
          <reporter-output>
          </reporter-output>
        </test-method> <!-- openBrowser -->
        <test-method signature="getTitle()[pri:1, instance:testCase.SampleTest@e350b40]" started-at="2022-07-27T20:24:02 IST" name="getTitle" finished-at="2022-07-27T20:24:02 IST" duration-ms="12" status="PASS">
          <reporter-output>
          </reporter-output>
        </test-method> <!-- getTitle -->
        <test-method signature="login(java.lang.String,java.lang.String)[pri:2, instance:testCase.SampleTest@e350b40]" started-at="2022-07-27T20:24:02 IST" name="login" finished-at="2022-07-27T20:24:04 IST" duration-ms="2140" status="PASS">
          <params>
            <param index="0">
              <value>
                <![CDATA[Admin]]>
              </value>
            </param>
            <param index="1">
              <value>
                <![CDATA[admin123]]>
              </value>
            </param>
          </params>
          <reporter-output>
          </reporter-output>
        </test-method> <!-- login -->
        <test-method is-config="true" signature="closeBrowser()[pri:0, instance:testCase.SampleTest@e350b40]" started-at="2022-07-27T20:24:04 IST" name="closeBrowser" finished-at="2022-07-27T20:24:04 IST" duration-ms="185" status="PASS">
          <reporter-output>
          </reporter-output>
        </test-method> <!-- closeBrowser -->
      </class> <!-- testCase.SampleTest -->
    </test> <!-- First TestNG Suite test -->
  </suite> <!-- Test Suite -->
</testng-results>
